[2023-04-04T21:30:25.883] [ERROR] auth - Authentification denied no token
[2023-04-04T21:30:25.965] [ERROR] auth - Authentification denied no token
[2023-04-04T21:30:25.967] [ERROR] auth - Authentification denied no token
[2023-04-05T09:37:29.603] [ERROR] mail - TypeError: Cannot read property 'Pseudo' of undefined
    at sendPacket (C:\Users\Stefa\Desktop\Frips2\Frips\frips-serveur\email\Template\emailSendPacket.js:103:111)
    at typeOfEmail (C:\Users\Stefa\Desktop\Frips2\Frips\frips-serveur\email\sendEmail.js:87:19)
    at sendEmail (C:\Users\Stefa\Desktop\Frips2\Frips\frips-serveur\email\sendEmail.js:109:9)
[2023-04-05T13:57:20.288] [ERROR] items - POST /api/item/paginationError: 
Invalid `prisma.item.count()` invocation:

{
  select: {
    _count: {
      select: {
        _all: true
      }
    }
  },
  where: {
    OR: {
      OR: [
        {
          item_brand: {
            some: {
              id_Brand: {
                in: [
                  1
                ]
              }
            }
          }
        },
        {
          item_category: {
            some: {
              OR: [
                {
                  id_Category: {
                    in: [
                      null
                    ]
                    ~~~~~~
                  }
                },
                {
                  category: {
                    OR: [
                    ~~
                      {
                        category_category_categoryTocategory_category_id_Child: {
                          some: {
                            category_categoryTocategory_category_id_Parent: {
                              category_category_categoryTocategory_category_id_Child: {
                                some: {
                                  id_Parent: {
                                    in: [
                                      null
                                    ]
                                  }
                                }
                              }
                            }
                          }
                        }
                      },
                      {
                        category_category_categoryTocategory_category_id_Child: {
                          some: {
                            id_Parent: {
                              in: [
                                null
                              ]
                            }
                          }
                        }
                      },
                      {
                        category_category_categoryTocategory_category_id_Child: {
                          some: {
                            category_categoryTocategory_category_id_Parent: {
                              category_category_categoryTocategory_category_id_Child: {
                                some: {
                                  category_categoryTocategory_category_id_Parent: {
                                    category_category_categoryTocategory_category_id_Child: {
                                      some: {
                                        id_Parent: {
                                          in: [
                                            null
                                          ]
                                        }
                                      }
                                    }
                                  }
                                }
                              }
                            }
                          }
                        }
                      },
                      {
                        category_category_categoryTocategory_category_id_Child: {
                          some: {
                            category_categoryTocategory_category_id_Parent: {
                              category_category_categoryTocategory_category_id_Child: {
                                some: {
                                  category_categoryTocategory_category_id_Parent: {
                                    category_category_categoryTocategory_category_id_Child: {
                                      some: {
                                        category_categoryTocategory_category_id_Parent: {
                                          category_category_categoryTocategory_category_id_Child: {
                                            some: {
                                              id_Parent: {
                                                in: [
                                                  null
                                                ]
                                              }
                                            }
                                          }
                                        }
                                      }
                                    }
                                  }
                                }
                              }
                            }
                          }
                        }
                      }
                    ]
                  }
                }
              ]
            }
          }
        },
        {
          id_ItemCondition: {
            in: []
          }
        },
        {
          Size: {
            in: []
          }
        },
        {
          item_color: {
            some: {
              id_Color: {
                in: []
              }
            }
          }
        },
        undefined
      ]
    },
    transaction: {
      none: {}
    }
  }
}

Argument in: Got invalid value 
[
  null
]
on prisma.aggregateitem. Provided List<null>, expected List<Int>.
Unknown arg `OR` in where.OR.0.OR.1.item_category.some.OR.1.category.OR for type CategoryRelationFilter. Did you mean `is`? Available args:
type CategoryRelationFilter {
  is?: categoryWhereInput
  isNot?: categoryWhereInput
}


[2023-04-05T13:57:37.832] [ERROR] items - POST /api/item/paginationError: 
Invalid `prisma.item.count()` invocation:

{
  select: {
    _count: {
      select: {
        _all: true
      }
    }
  },
  where: {
    OR: {
      OR: [
        {
          item_brand: {
            some: {
              id_Brand: {
                in: [
                  1
                ]
              }
            }
          }
        },
        {
          item_category: {
            some: {
              OR: [
                {
                  id_Category: {
                    in: [
                      null
                    ]
                    ~~~~~~
                  }
                },
                {
                  category: {
                    OR: [
                    ~~
                      {
                        category_category_categoryTocategory_category_id_Child: {
                          some: {
                            category_categoryTocategory_category_id_Parent: {
                              category_category_categoryTocategory_category_id_Child: {
                                some: {
                                  id_Parent: {
                                    in: [
                                      null
                                    ]
                                  }
                                }
                              }
                            }
                          }
                        }
                      },
                      {
                        category_category_categoryTocategory_category_id_Child: {
                          some: {
                            id_Parent: {
                              in: [
                                null
                              ]
                            }
                          }
                        }
                      },
                      {
                        category_category_categoryTocategory_category_id_Child: {
                          some: {
                            category_categoryTocategory_category_id_Parent: {
                              category_category_categoryTocategory_category_id_Child: {
                                some: {
                                  category_categoryTocategory_category_id_Parent: {
                                    category_category_categoryTocategory_category_id_Child: {
                                      some: {
                                        id_Parent: {
                                          in: [
                                            null
                                          ]
                                        }
                                      }
                                    }
                                  }
                                }
                              }
                            }
                          }
                        }
                      },
                      {
                        category_category_categoryTocategory_category_id_Child: {
                          some: {
                            category_categoryTocategory_category_id_Parent: {
                              category_category_categoryTocategory_category_id_Child: {
                                some: {
                                  category_categoryTocategory_category_id_Parent: {
                                    category_category_categoryTocategory_category_id_Child: {
                                      some: {
                                        category_categoryTocategory_category_id_Parent: {
                                          category_category_categoryTocategory_category_id_Child: {
                                            some: {
                                              id_Parent: {
                                                in: [
                                                  null
                                                ]
                                              }
                                            }
                                          }
                                        }
                                      }
                                    }
                                  }
                                }
                              }
                            }
                          }
                        }
                      }
                    ]
                  }
                }
              ]
            }
          }
        },
        {
          id_ItemCondition: {
            in: []
          }
        },
        {
          Size: {
            in: []
          }
        },
        {
          item_color: {
            some: {
              id_Color: {
                in: []
              }
            }
          }
        },
        undefined
      ]
    },
    transaction: {
      none: {}
    }
  }
}

Argument in: Got invalid value 
[
  null
]
on prisma.aggregateitem. Provided List<null>, expected List<Int>.
Unknown arg `OR` in where.OR.0.OR.1.item_category.some.OR.1.category.OR for type CategoryRelationFilter. Did you mean `is`? Available args:
type CategoryRelationFilter {
  is?: categoryWhereInput
  isNot?: categoryWhereInput
}


[2023-04-05T13:58:24.650] [ERROR] items - POST /api/item/paginationError: 
Invalid `prisma.item.count()` invocation:

{
  select: {
    _count: {
      select: {
        _all: true
      }
    }
  },
  where: {
    OR: {
      OR: [
        {
          item_brand: {
            some: {
              id_Brand: {
                in: []
              }
            }
          }
        },
        {
          item_category: {
            some: {
              OR: [
                {
                  id_Category: {
                    in: [
                      null
                    ]
                    ~~~~~~
                  }
                },
                {
                  category: {
                    OR: [
                    ~~
                      {
                        category_category_categoryTocategory_category_id_Child: {
                          some: {
                            category_categoryTocategory_category_id_Parent: {
                              category_category_categoryTocategory_category_id_Child: {
                                some: {
                                  id_Parent: {
                                    in: [
                                      null
                                    ]
                                  }
                                }
                              }
                            }
                          }
                        }
                      },
                      {
                        category_category_categoryTocategory_category_id_Child: {
                          some: {
                            id_Parent: {
                              in: [
                                null
                              ]
                            }
                          }
                        }
                      },
                      {
                        category_category_categoryTocategory_category_id_Child: {
                          some: {
                            category_categoryTocategory_category_id_Parent: {
                              category_category_categoryTocategory_category_id_Child: {
                                some: {
                                  category_categoryTocategory_category_id_Parent: {
                                    category_category_categoryTocategory_category_id_Child: {
                                      some: {
                                        id_Parent: {
                                          in: [
                                            null
                                          ]
                                        }
                                      }
                                    }
                                  }
                                }
                              }
                            }
                          }
                        }
                      },
                      {
                        category_category_categoryTocategory_category_id_Child: {
                          some: {
                            category_categoryTocategory_category_id_Parent: {
                              category_category_categoryTocategory_category_id_Child: {
                                some: {
                                  category_categoryTocategory_category_id_Parent: {
                                    category_category_categoryTocategory_category_id_Child: {
                                      some: {
                                        category_categoryTocategory_category_id_Parent: {
                                          category_category_categoryTocategory_category_id_Child: {
                                            some: {
                                              id_Parent: {
                                                in: [
                                                  null
                                                ]
                                              }
                                            }
                                          }
                                        }
                                      }
                                    }
                                  }
                                }
                              }
                            }
                          }
                        }
                      }
                    ]
                  }
                }
              ]
            }
          }
        },
        {
          id_ItemCondition: {
            in: []
          }
        },
        {
          Size: {
            in: []
          }
        },
        {
          item_color: {
            some: {
              id_Color: {
                in: []
              }
            }
          }
        },
        undefined
      ]
    },
    transaction: {
      none: {}
    }
  }
}

Argument in: Got invalid value 
[
  null
]
on prisma.aggregateitem. Provided List<null>, expected List<Int>.
Unknown arg `OR` in where.OR.0.OR.1.item_category.some.OR.1.category.OR for type CategoryRelationFilter. Did you mean `is`? Available args:
type CategoryRelationFilter {
  is?: categoryWhereInput
  isNot?: categoryWhereInput
}


[2023-04-05T13:58:42.742] [ERROR] items - POST /api/item/paginationError: 
Invalid `prisma.item.count()` invocation:

{
  select: {
    _count: {
      select: {
        _all: true
      }
    }
  },
  where: {
    OR: {
      OR: [
        {
          item_brand: {
            some: {
              id_Brand: {
                in: []
              }
            }
          }
        },
        {
          item_category: {
            some: {
              OR: [
                {
                  id_Category: {
                    in: [
                      null
                    ]
                    ~~~~~~
                  }
                },
                {
                  category: {
                    OR: [
                    ~~
                      {
                        category_category_categoryTocategory_category_id_Child: {
                          some: {
                            category_categoryTocategory_category_id_Parent: {
                              category_category_categoryTocategory_category_id_Child: {
                                some: {
                                  id_Parent: {
                                    in: [
                                      null
                                    ]
                                  }
                                }
                              }
                            }
                          }
                        }
                      },
                      {
                        category_category_categoryTocategory_category_id_Child: {
                          some: {
                            id_Parent: {
                              in: [
                                null
                              ]
                            }
                          }
                        }
                      },
                      {
                        category_category_categoryTocategory_category_id_Child: {
                          some: {
                            category_categoryTocategory_category_id_Parent: {
                              category_category_categoryTocategory_category_id_Child: {
                                some: {
                                  category_categoryTocategory_category_id_Parent: {
                                    category_category_categoryTocategory_category_id_Child: {
                                      some: {
                                        id_Parent: {
                                          in: [
                                            null
                                          ]
                                        }
                                      }
                                    }
                                  }
                                }
                              }
                            }
                          }
                        }
                      },
                      {
                        category_category_categoryTocategory_category_id_Child: {
                          some: {
                            category_categoryTocategory_category_id_Parent: {
                              category_category_categoryTocategory_category_id_Child: {
                                some: {
                                  category_categoryTocategory_category_id_Parent: {
                                    category_category_categoryTocategory_category_id_Child: {
                                      some: {
                                        category_categoryTocategory_category_id_Parent: {
                                          category_category_categoryTocategory_category_id_Child: {
                                            some: {
                                              id_Parent: {
                                                in: [
                                                  null
                                                ]
                                              }
                                            }
                                          }
                                        }
                                      }
                                    }
                                  }
                                }
                              }
                            }
                          }
                        }
                      }
                    ]
                  }
                }
              ]
            }
          }
        },
        {
          id_ItemCondition: {
            in: []
          }
        },
        {
          Size: {
            in: []
          }
        },
        {
          item_color: {
            some: {
              id_Color: {
                in: []
              }
            }
          }
        },
        undefined
      ]
    },
    transaction: {
      none: {}
    }
  }
}

Argument in: Got invalid value 
[
  null
]
on prisma.aggregateitem. Provided List<null>, expected List<Int>.
Unknown arg `OR` in where.OR.0.OR.1.item_category.some.OR.1.category.OR for type CategoryRelationFilter. Did you mean `is`? Available args:
type CategoryRelationFilter {
  is?: categoryWhereInput
  isNot?: categoryWhereInput
}


[2023-04-05T13:59:10.598] [ERROR] items - POST /api/item/paginationError: 
Invalid `prisma.item.count()` invocation:

{
  select: {
    _count: {
      select: {
        _all: true
      }
    }
  },
  where: {
    OR: {
      OR: [
        {
          item_brand: {
            some: {
              id_Brand: {
                in: []
              }
            }
          }
        },
        {
          item_category: {
            some: {
              OR: [
                {
                  id_Category: {
                    in: [
                      null
                    ]
                    ~~~~~~
                  }
                },
                {
                  category: {
                    OR: [
                    ~~
                      {
                        category_category_categoryTocategory_category_id_Child: {
                          some: {
                            category_categoryTocategory_category_id_Parent: {
                              category_category_categoryTocategory_category_id_Child: {
                                some: {
                                  id_Parent: {
                                    in: [
                                      null
                                    ]
                                  }
                                }
                              }
                            }
                          }
                        }
                      },
                      {
                        category_category_categoryTocategory_category_id_Child: {
                          some: {
                            id_Parent: {
                              in: [
                                null
                              ]
                            }
                          }
                        }
                      },
                      {
                        category_category_categoryTocategory_category_id_Child: {
                          some: {
                            category_categoryTocategory_category_id_Parent: {
                              category_category_categoryTocategory_category_id_Child: {
                                some: {
                                  category_categoryTocategory_category_id_Parent: {
                                    category_category_categoryTocategory_category_id_Child: {
                                      some: {
                                        id_Parent: {
                                          in: [
                                            null
                                          ]
                                        }
                                      }
                                    }
                                  }
                                }
                              }
                            }
                          }
                        }
                      },
                      {
                        category_category_categoryTocategory_category_id_Child: {
                          some: {
                            category_categoryTocategory_category_id_Parent: {
                              category_category_categoryTocategory_category_id_Child: {
                                some: {
                                  category_categoryTocategory_category_id_Parent: {
                                    category_category_categoryTocategory_category_id_Child: {
                                      some: {
                                        category_categoryTocategory_category_id_Parent: {
                                          category_category_categoryTocategory_category_id_Child: {
                                            some: {
                                              id_Parent: {
                                                in: [
                                                  null
                                                ]
                                              }
                                            }
                                          }
                                        }
                                      }
                                    }
                                  }
                                }
                              }
                            }
                          }
                        }
                      }
                    ]
                  }
                }
              ]
            }
          }
        },
        {
          id_ItemCondition: {
            in: []
          }
        },
        {
          Size: {
            in: []
          }
        },
        {
          item_color: {
            some: {
              id_Color: {
                in: []
              }
            }
          }
        },
        undefined
      ]
    },
    transaction: {
      none: {}
    }
  }
}

Argument in: Got invalid value 
[
  null
]
on prisma.aggregateitem. Provided List<null>, expected List<Int>.
Unknown arg `OR` in where.OR.0.OR.1.item_category.some.OR.1.category.OR for type CategoryRelationFilter. Did you mean `is`? Available args:
type CategoryRelationFilter {
  is?: categoryWhereInput
  isNot?: categoryWhereInput
}


[2023-04-05T14:17:04.246] [ERROR] items - POST /api/item/paginationError: 
Invalid `prisma.item.count()` invocation:

{
  select: {
    _count: {
      select: {
        _all: true
      }
    }
  },
  where: {
    OR: {
      OR: [
        {
          item_brand: {
            some: {
              id_Brand: {
                in: [
                  1
                ]
              }
            }
          }
        },
        {
          item_category: {
            some: {
              OR: [
                {
                  id_Category: {
                    in: [
                      null
                    ]
                    ~~~~~~
                  }
                },
                {
                  category: {
                    OR: [
                    ~~
                      {
                        category_category_categoryTocategory_category_id_Child: {
                          some: {
                            category_categoryTocategory_category_id_Parent: {
                              category_category_categoryTocategory_category_id_Child: {
                                some: {
                                  id_Parent: {
                                    in: [
                                      null
                                    ]
                                  }
                                }
                              }
                            }
                          }
                        }
                      },
                      {
                        category_category_categoryTocategory_category_id_Child: {
                          some: {
                            id_Parent: {
                              in: [
                                null
                              ]
                            }
                          }
                        }
                      },
                      {
                        category_category_categoryTocategory_category_id_Child: {
                          some: {
                            category_categoryTocategory_category_id_Parent: {
                              category_category_categoryTocategory_category_id_Child: {
                                some: {
                                  category_categoryTocategory_category_id_Parent: {
                                    category_category_categoryTocategory_category_id_Child: {
                                      some: {
                                        id_Parent: {
                                          in: [
                                            null
                                          ]
                                        }
                                      }
                                    }
                                  }
                                }
                              }
                            }
                          }
                        }
                      },
                      {
                        category_category_categoryTocategory_category_id_Child: {
                          some: {
                            category_categoryTocategory_category_id_Parent: {
                              category_category_categoryTocategory_category_id_Child: {
                                some: {
                                  category_categoryTocategory_category_id_Parent: {
                                    category_category_categoryTocategory_category_id_Child: {
                                      some: {
                                        category_categoryTocategory_category_id_Parent: {
                                          category_category_categoryTocategory_category_id_Child: {
                                            some: {
                                              id_Parent: {
                                                in: [
                                                  null
                                                ]
                                              }
                                            }
                                          }
                                        }
                                      }
                                    }
                                  }
                                }
                              }
                            }
                          }
                        }
                      }
                    ]
                  }
                }
              ]
            }
          }
        },
        {
          id_ItemCondition: {
            in: []
          }
        },
        {
          Size: {
            in: []
          }
        },
        {
          item_color: {
            some: {
              id_Color: {
                in: []
              }
            }
          }
        },
        undefined
      ]
    },
    transaction: {
      none: {}
    }
  }
}

Argument in: Got invalid value 
[
  null
]
on prisma.aggregateitem. Provided List<null>, expected List<Int>.
Unknown arg `OR` in where.OR.0.OR.1.item_category.some.OR.1.category.OR for type CategoryRelationFilter. Did you mean `is`? Available args:
type CategoryRelationFilter {
  is?: categoryWhereInput
  isNot?: categoryWhereInput
}


[2023-04-05T15:15:11.761] [ERROR] infoItem - GET api/infoItem/searchError: 
Invalid `category.findMany()` invocation in
C:\Users\Stefa\Desktop\Frips2\Frips\frips-serveur\routes\infoItem.js:39:41

  36   },
  37 });
  38 
→ 39 const infoCategory = await category.findMany({
       select: {
         id: true,
         Name: true
       },
       distinct: true
                 ~~~~
     })

Argument distinct: Provided value 
[
  true
]
of type List<Boolean> on prisma.findManycategory is not a List<enumTypes>.
→ Possible values: CategoryScalarFieldEnum.id, CategoryScalarFieldEnum.Name


[2023-04-05T15:23:50.302] [ERROR] infoItem - GET api/infoItem/searchError: 
Invalid `category.findMany()` invocation in
C:\Users\Stefa\Desktop\Frips2\Frips\frips-serveur\routes\infoItem.js:39:41

  36   },
  37 });
  38 
→ 39 const infoCategory = await category.findMany({
       select: {
         id: true,
         Name: true
       },
       distinct: true
                 ~~~~
     })

Argument distinct: Provided value 
[
  true
]
of type List<Boolean> on prisma.findManycategory is not a List<enumTypes>.
→ Possible values: CategoryScalarFieldEnum.id, CategoryScalarFieldEnum.Name


[2023-04-05T18:46:59.470] [ERROR] items - POST /api/item/paginationError: 
Invalid `prisma.item.count()` invocation:

{
  select: {
    _count: {
      select: {
        _all: true
      }
    }
  },
  where: {
    AND: [
      {
        item_brand: {
          some: {
            id_Brand: {
              in: [
                1
              ]
            }
          }
        }
      },
      {
        item_category: {
          some: {
            OR: [
              {
                id_Category: {
                  in: [
                    null
                  ]
                  ~~~~~~
                }
              },
              {
                category: {
                  OR: [
                  ~~
                    {
                      category_category_categoryTocategory_category_id_Child: {
                        some: {
                          category_categoryTocategory_category_id_Parent: {
                            category_category_categoryTocategory_category_id_Child: {
                              some: {
                                id_Parent: {
                                  in: [
                                    null
                                  ]
                                }
                              }
                            }
                          }
                        }
                      }
                    },
                    {
                      category_category_categoryTocategory_category_id_Child: {
                        some: {
                          id_Parent: {
                            in: [
                              null
                            ]
                          }
                        }
                      }
                    },
                    {
                      category_category_categoryTocategory_category_id_Child: {
                        some: {
                          category_categoryTocategory_category_id_Parent: {
                            category_category_categoryTocategory_category_id_Child: {
                              some: {
                                category_categoryTocategory_category_id_Parent: {
                                  category_category_categoryTocategory_category_id_Child: {
                                    some: {
                                      id_Parent: {
                                        in: [
                                          null
                                        ]
                                      }
                                    }
                                  }
                                }
                              }
                            }
                          }
                        }
                      }
                    },
                    {
                      category_category_categoryTocategory_category_id_Child: {
                        some: {
                          category_categoryTocategory_category_id_Parent: {
                            category_category_categoryTocategory_category_id_Child: {
                              some: {
                                category_categoryTocategory_category_id_Parent: {
                                  category_category_categoryTocategory_category_id_Child: {
                                    some: {
                                      category_categoryTocategory_category_id_Parent: {
                                        category_category_categoryTocategory_category_id_Child: {
                                          some: {
                                            id_Parent: {
                                              in: [
                                                null
                                              ]
                                            }
                                          }
                                        }
                                      }
                                    }
                                  }
                                }
                              }
                            }
                          }
                        }
                      }
                    }
                  ]
                }
              }
            ]
          }
        }
      }
    ],
    transaction: {
      none: {}
    }
  }
}

Argument in: Got invalid value 
[
  null
]
on prisma.aggregateitem. Provided List<null>, expected List<Int>.
Unknown arg `OR` in where.AND.1.item_category.some.OR.1.category.OR for type CategoryRelationFilter. Did you mean `is`? Available args:
type CategoryRelationFilter {
  is?: categoryWhereInput
  isNot?: categoryWhereInput
}


[2023-04-05T18:47:12.753] [ERROR] items - POST /api/item/paginationError: 
Invalid `prisma.item.count()` invocation:

{
  select: {
    _count: {
      select: {
        _all: true
      }
    }
  },
  where: {
    AND: [
      {
        item_brand: {
          some: {
            id_Brand: {
              in: [
                2
              ]
            }
          }
        }
      },
      {
        item_category: {
          some: {
            OR: [
              {
                id_Category: {
                  in: [
                    null
                  ]
                  ~~~~~~
                }
              },
              {
                category: {
                  OR: [
                  ~~
                    {
                      category_category_categoryTocategory_category_id_Child: {
                        some: {
                          category_categoryTocategory_category_id_Parent: {
                            category_category_categoryTocategory_category_id_Child: {
                              some: {
                                id_Parent: {
                                  in: [
                                    null
                                  ]
                                }
                              }
                            }
                          }
                        }
                      }
                    },
                    {
                      category_category_categoryTocategory_category_id_Child: {
                        some: {
                          id_Parent: {
                            in: [
                              null
                            ]
                          }
                        }
                      }
                    },
                    {
                      category_category_categoryTocategory_category_id_Child: {
                        some: {
                          category_categoryTocategory_category_id_Parent: {
                            category_category_categoryTocategory_category_id_Child: {
                              some: {
                                category_categoryTocategory_category_id_Parent: {
                                  category_category_categoryTocategory_category_id_Child: {
                                    some: {
                                      id_Parent: {
                                        in: [
                                          null
                                        ]
                                      }
                                    }
                                  }
                                }
                              }
                            }
                          }
                        }
                      }
                    },
                    {
                      category_category_categoryTocategory_category_id_Child: {
                        some: {
                          category_categoryTocategory_category_id_Parent: {
                            category_category_categoryTocategory_category_id_Child: {
                              some: {
                                category_categoryTocategory_category_id_Parent: {
                                  category_category_categoryTocategory_category_id_Child: {
                                    some: {
                                      category_categoryTocategory_category_id_Parent: {
                                        category_category_categoryTocategory_category_id_Child: {
                                          some: {
                                            id_Parent: {
                                              in: [
                                                null
                                              ]
                                            }
                                          }
                                        }
                                      }
                                    }
                                  }
                                }
                              }
                            }
                          }
                        }
                      }
                    }
                  ]
                }
              }
            ]
          }
        }
      }
    ],
    transaction: {
      none: {}
    }
  }
}

Argument in: Got invalid value 
[
  null
]
on prisma.aggregateitem. Provided List<null>, expected List<Int>.
Unknown arg `OR` in where.AND.1.item_category.some.OR.1.category.OR for type CategoryRelationFilter. Did you mean `is`? Available args:
type CategoryRelationFilter {
  is?: categoryWhereInput
  isNot?: categoryWhereInput
}


[2023-04-05T18:48:35.327] [ERROR] items - POST /api/item/paginationError: 
Invalid `prisma.item.count()` invocation:

{
  select: {
    _count: {
      select: {
        _all: true
      }
    }
  },
  where: {
    AND: [
      {
        item_brand: {
          some: {
            id_Brand: {
              in: [
                2
              ]
            }
          }
        }
      },
      {
        item_category: {
          some: {
            OR: [
              {
                id_Category: {
                  in: [
                    null
                  ]
                  ~~~~~~
                }
              },
              {
                category: {
                  OR: [
                  ~~
                    {
                      category_category_categoryTocategory_category_id_Child: {
                        some: {
                          category_categoryTocategory_category_id_Parent: {
                            category_category_categoryTocategory_category_id_Child: {
                              some: {
                                id_Parent: {
                                  in: [
                                    null
                                  ]
                                }
                              }
                            }
                          }
                        }
                      }
                    },
                    {
                      category_category_categoryTocategory_category_id_Child: {
                        some: {
                          id_Parent: {
                            in: [
                              null
                            ]
                          }
                        }
                      }
                    },
                    {
                      category_category_categoryTocategory_category_id_Child: {
                        some: {
                          category_categoryTocategory_category_id_Parent: {
                            category_category_categoryTocategory_category_id_Child: {
                              some: {
                                category_categoryTocategory_category_id_Parent: {
                                  category_category_categoryTocategory_category_id_Child: {
                                    some: {
                                      id_Parent: {
                                        in: [
                                          null
                                        ]
                                      }
                                    }
                                  }
                                }
                              }
                            }
                          }
                        }
                      }
                    },
                    {
                      category_category_categoryTocategory_category_id_Child: {
                        some: {
                          category_categoryTocategory_category_id_Parent: {
                            category_category_categoryTocategory_category_id_Child: {
                              some: {
                                category_categoryTocategory_category_id_Parent: {
                                  category_category_categoryTocategory_category_id_Child: {
                                    some: {
                                      category_categoryTocategory_category_id_Parent: {
                                        category_category_categoryTocategory_category_id_Child: {
                                          some: {
                                            id_Parent: {
                                              in: [
                                                null
                                              ]
                                            }
                                          }
                                        }
                                      }
                                    }
                                  }
                                }
                              }
                            }
                          }
                        }
                      }
                    }
                  ]
                }
              }
            ]
          }
        }
      }
    ],
    transaction: {
      none: {}
    }
  }
}

Argument in: Got invalid value 
[
  null
]
on prisma.aggregateitem. Provided List<null>, expected List<Int>.
Unknown arg `OR` in where.AND.1.item_category.some.OR.1.category.OR for type CategoryRelationFilter. Did you mean `is`? Available args:
type CategoryRelationFilter {
  is?: categoryWhereInput
  isNot?: categoryWhereInput
}


[2023-04-05T18:49:15.200] [ERROR] items - POST /api/item/paginationError: 
Invalid `prisma.item.count()` invocation:

{
  select: {
    _count: {
      select: {
        _all: true
      }
    }
  },
  where: {
    AND: [
      {
        item_brand: {
          some: {
            id_Brand: {
              in: [
                null
              ]
              ~~~~~~
            }
          }
        }
      },
      {
        item_category: {
          some: {
            OR: [
              {
                id_Category: {
                  in: [
                    null
                  ]
                  ~~~~~~
                }
              },
              {
                category: {
                  OR: [
                  ~~
                    {
                      category_category_categoryTocategory_category_id_Child: {
                        some: {
                          category_categoryTocategory_category_id_Parent: {
                            category_category_categoryTocategory_category_id_Child: {
                              some: {
                                id_Parent: {
                                  in: [
                                    null
                                  ]
                                }
                              }
                            }
                          }
                        }
                      }
                    },
                    {
                      category_category_categoryTocategory_category_id_Child: {
                        some: {
                          id_Parent: {
                            in: [
                              null
                            ]
                          }
                        }
                      }
                    },
                    {
                      category_category_categoryTocategory_category_id_Child: {
                        some: {
                          category_categoryTocategory_category_id_Parent: {
                            category_category_categoryTocategory_category_id_Child: {
                              some: {
                                category_categoryTocategory_category_id_Parent: {
                                  category_category_categoryTocategory_category_id_Child: {
                                    some: {
                                      id_Parent: {
                                        in: [
                                          null
                                        ]
                                      }
                                    }
                                  }
                                }
                              }
                            }
                          }
                        }
                      }
                    },
                    {
                      category_category_categoryTocategory_category_id_Child: {
                        some: {
                          category_categoryTocategory_category_id_Parent: {
                            category_category_categoryTocategory_category_id_Child: {
                              some: {
                                category_categoryTocategory_category_id_Parent: {
                                  category_category_categoryTocategory_category_id_Child: {
                                    some: {
                                      category_categoryTocategory_category_id_Parent: {
                                        category_category_categoryTocategory_category_id_Child: {
                                          some: {
                                            id_Parent: {
                                              in: [
                                                null
                                              ]
                                            }
                                          }
                                        }
                                      }
                                    }
                                  }
                                }
                              }
                            }
                          }
                        }
                      }
                    }
                  ]
                }
              }
            ]
          }
        }
      }
    ],
    transaction: {
      none: {}
    }
  }
}

Argument in: Got invalid value 
[
  null
]
on prisma.aggregateitem. Provided List<null>, expected List<Int>.
Argument in: Got invalid value 
[
  null
]
on prisma.aggregateitem. Provided List<null>, expected List<Int>.
Unknown arg `OR` in where.AND.1.item_category.some.OR.1.category.OR for type CategoryRelationFilter. Did you mean `is`? Available args:
type CategoryRelationFilter {
  is?: categoryWhereInput
  isNot?: categoryWhereInput
}


[2023-04-05T18:49:27.007] [ERROR] items - POST /api/item/paginationError: 
Invalid `prisma.item.count()` invocation:

{
  select: {
    _count: {
      select: {
        _all: true
      }
    }
  },
  where: {
    AND: [
      {
        item_brand: {
          some: {
            id_Brand: {
              in: [
                2
              ]
            }
          }
        }
      },
      {
        item_category: {
          some: {
            OR: [
              {
                id_Category: {
                  in: [
                    null
                  ]
                  ~~~~~~
                }
              },
              {
                category: {
                  OR: [
                  ~~
                    {
                      category_category_categoryTocategory_category_id_Child: {
                        some: {
                          category_categoryTocategory_category_id_Parent: {
                            category_category_categoryTocategory_category_id_Child: {
                              some: {
                                id_Parent: {
                                  in: [
                                    null
                                  ]
                                }
                              }
                            }
                          }
                        }
                      }
                    },
                    {
                      category_category_categoryTocategory_category_id_Child: {
                        some: {
                          id_Parent: {
                            in: [
                              null
                            ]
                          }
                        }
                      }
                    },
                    {
                      category_category_categoryTocategory_category_id_Child: {
                        some: {
                          category_categoryTocategory_category_id_Parent: {
                            category_category_categoryTocategory_category_id_Child: {
                              some: {
                                category_categoryTocategory_category_id_Parent: {
                                  category_category_categoryTocategory_category_id_Child: {
                                    some: {
                                      id_Parent: {
                                        in: [
                                          null
                                        ]
                                      }
                                    }
                                  }
                                }
                              }
                            }
                          }
                        }
                      }
                    },
                    {
                      category_category_categoryTocategory_category_id_Child: {
                        some: {
                          category_categoryTocategory_category_id_Parent: {
                            category_category_categoryTocategory_category_id_Child: {
                              some: {
                                category_categoryTocategory_category_id_Parent: {
                                  category_category_categoryTocategory_category_id_Child: {
                                    some: {
                                      category_categoryTocategory_category_id_Parent: {
                                        category_category_categoryTocategory_category_id_Child: {
                                          some: {
                                            id_Parent: {
                                              in: [
                                                null
                                              ]
                                            }
                                          }
                                        }
                                      }
                                    }
                                  }
                                }
                              }
                            }
                          }
                        }
                      }
                    }
                  ]
                }
              }
            ]
          }
        }
      }
    ],
    transaction: {
      none: {}
    }
  }
}

Argument in: Got invalid value 
[
  null
]
on prisma.aggregateitem. Provided List<null>, expected List<Int>.
Unknown arg `OR` in where.AND.1.item_category.some.OR.1.category.OR for type CategoryRelationFilter. Did you mean `is`? Available args:
type CategoryRelationFilter {
  is?: categoryWhereInput
  isNot?: categoryWhereInput
}


[2023-04-08T10:01:31.697] [ERROR] items - POST /api/item/paginationError: 
Invalid `prisma.item.count()` invocation:

{
  select: {
    _count: {
      select: {
        _all: true
      }
    }
  },
  where: {
    AND: [
      {
        item_category: {
          some: {
            OR: [
              {
                id_Category: {
                  in: [
                    null
                  ]
                  ~~~~~~
                }
              },
              {
                category: {
                  OR: [
                  ~~
                    {
                      category_category_categoryTocategory_category_id_Child: {
                        some: {
                          category_categoryTocategory_category_id_Parent: {
                            category_category_categoryTocategory_category_id_Child: {
                              some: {
                                id_Parent: {
                                  in: [
                                    null
                                  ]
                                }
                              }
                            }
                          }
                        }
                      }
                    },
                    {
                      category_category_categoryTocategory_category_id_Child: {
                        some: {
                          id_Parent: {
                            in: [
                              null
                            ]
                          }
                        }
                      }
                    },
                    {
                      category_category_categoryTocategory_category_id_Child: {
                        some: {
                          category_categoryTocategory_category_id_Parent: {
                            category_category_categoryTocategory_category_id_Child: {
                              some: {
                                category_categoryTocategory_category_id_Parent: {
                                  category_category_categoryTocategory_category_id_Child: {
                                    some: {
                                      id_Parent: {
                                        in: [
                                          null
                                        ]
                                      }
                                    }
                                  }
                                }
                              }
                            }
                          }
                        }
                      }
                    },
                    {
                      category_category_categoryTocategory_category_id_Child: {
                        some: {
                          category_categoryTocategory_category_id_Parent: {
                            category_category_categoryTocategory_category_id_Child: {
                              some: {
                                category_categoryTocategory_category_id_Parent: {
                                  category_category_categoryTocategory_category_id_Child: {
                                    some: {
                                      category_categoryTocategory_category_id_Parent: {
                                        category_category_categoryTocategory_category_id_Child: {
                                          some: {
                                            id_Parent: {
                                              in: [
                                                null
                                              ]
                                            }
                                          }
                                        }
                                      }
                                    }
                                  }
                                }
                              }
                            }
                          }
                        }
                      }
                    }
                  ]
                }
              }
            ]
          }
        }
      }
    ],
    transaction: {
      none: {}
    }
  }
}

Argument in: Got invalid value 
[
  null
]
on prisma.aggregateitem. Provided List<null>, expected List<Int>.
Unknown arg `OR` in where.AND.0.item_category.some.OR.1.category.OR for type CategoryRelationFilter. Did you mean `is`? Available args:
type CategoryRelationFilter {
  is?: categoryWhereInput
  isNot?: categoryWhereInput
}


[2023-04-08T10:31:50.677] [ERROR] auth - Authentification denied no token
[2023-04-08T10:31:50.680] [ERROR] auth - Authentification denied no token
[2023-04-08T10:31:50.682] [ERROR] auth - Authentification denied no token
[2023-04-08T10:34:17.099] [ERROR] auth - Authentification denied no token
[2023-04-08T10:40:00.456] [ERROR] auth - Authentification denied no token
[2023-04-08T10:40:00.457] [ERROR] auth - Authentification denied no token
[2023-04-08T10:40:00.458] [ERROR] auth - Authentification denied no token
[2023-04-09T16:55:52.514] [ERROR] auth - Authentification denied no token
[2023-04-09T16:55:52.518] [ERROR] auth - Authentification denied no token
[2023-04-09T16:55:52.521] [ERROR] auth - Authentification denied no token
[2023-04-09T16:57:42.079] [ERROR] auth - Authentification denied no token
[2023-04-09T16:57:42.082] [ERROR] auth - Authentification denied no token
[2023-04-09T16:57:42.086] [ERROR] auth - Authentification denied no token
[2023-04-09T17:04:06.406] [ERROR] auth - Authentification denied no token
[2023-04-09T17:04:06.408] [ERROR] auth - Authentification denied no token
[2023-04-09T17:04:06.411] [ERROR] auth - Authentification denied no token
[2023-04-09T17:05:04.725] [ERROR] auth - Authentification denied no token
[2023-04-09T17:05:04.729] [ERROR] auth - Authentification denied no token
[2023-04-09T17:05:04.732] [ERROR] auth - Authentification denied no token
[2023-04-10T10:26:50.950] [ERROR] auth - Authentification denied no token
[2023-04-10T10:26:50.955] [ERROR] auth - Authentification denied no token
[2023-04-10T10:26:50.957] [ERROR] auth - Authentification denied no token
[2023-04-10T10:27:47.908] [ERROR] auth - Authentification denied no token
[2023-04-10T10:27:47.910] [ERROR] auth - Authentification denied no token
[2023-04-10T10:27:47.913] [ERROR] auth - Authentification denied no token
[2023-04-10T10:30:24.948] [ERROR] auth - Authentification denied no token
[2023-04-10T10:30:24.957] [ERROR] auth - Authentification denied no token
[2023-04-10T10:30:24.958] [ERROR] auth - Authentification denied no token
[2023-04-10T10:31:23.089] [ERROR] auth - Authentification denied no token
[2023-04-10T10:31:23.091] [ERROR] auth - Authentification denied no token
[2023-04-10T10:31:23.095] [ERROR] auth - Authentification denied no token
[2023-04-10T11:05:12.695] [ERROR] auth - Authentification denied no token
[2023-04-10T11:05:12.705] [ERROR] auth - Authentification denied no token
[2023-04-10T11:05:12.708] [ERROR] auth - Authentification denied no token
[2023-04-10T11:05:34.162] [ERROR] auth - Authentification denied no token
[2023-04-10T11:05:34.164] [ERROR] auth - Authentification denied no token
[2023-04-10T11:05:34.164] [ERROR] auth - Authentification denied no token
[2023-04-10T11:24:43.069] [ERROR] auth - Authentification denied no token
[2023-04-10T11:24:43.073] [ERROR] auth - Authentification denied no token
[2023-04-10T11:24:43.075] [ERROR] auth - Authentification denied no token
[2023-04-10T11:33:23.059] [ERROR] auth - Authentification denied no token
[2023-04-10T11:33:23.061] [ERROR] auth - Authentification denied no token
[2023-04-10T11:33:23.063] [ERROR] auth - Authentification denied no token
[2023-04-10T11:42:17.114] [ERROR] auth - Authentification denied no token
[2023-04-10T11:42:17.118] [ERROR] auth - Authentification denied no token
[2023-04-10T11:42:17.120] [ERROR] auth - Authentification denied no token
[2023-04-10T11:44:46.901] [ERROR] auth - Authentification denied no token
[2023-04-10T11:44:46.905] [ERROR] auth - Authentification denied no token
[2023-04-10T11:44:46.906] [ERROR] auth - Authentification denied no token
[2023-04-10T11:45:14.073] [ERROR] auth - Authentification denied no token
[2023-04-10T11:45:14.076] [ERROR] auth - Authentification denied no token
[2023-04-10T11:45:14.077] [ERROR] auth - Authentification denied no token
[2023-04-10T11:45:53.196] [ERROR] auth - Authentification denied no token
[2023-04-10T11:45:53.200] [ERROR] auth - Authentification denied no token
[2023-04-10T11:45:53.202] [ERROR] auth - Authentification denied no token
[2023-04-10T11:45:53.215] [ERROR] auth - Authentification denied no token
[2023-04-10T11:45:53.217] [ERROR] auth - Authentification denied no token
[2023-04-10T11:45:53.220] [ERROR] auth - Authentification denied no token
[2023-04-10T11:46:13.124] [ERROR] auth - Authentification denied no token
[2023-04-10T11:46:13.126] [ERROR] auth - Authentification denied no token
[2023-04-10T11:46:13.128] [ERROR] auth - Authentification denied no token
[2023-04-10T11:46:33.455] [ERROR] auth - Authentification denied no token
[2023-04-10T11:46:33.458] [ERROR] auth - Authentification denied no token
[2023-04-10T11:46:33.460] [ERROR] auth - Authentification denied no token
[2023-04-10T12:11:05.100] [ERROR] auth - Authentification denied no token
[2023-04-10T12:11:05.218] [ERROR] auth - Authentification denied no token
[2023-04-10T12:11:05.236] [ERROR] auth - Authentification denied no token
[2023-04-10T12:11:28.011] [ERROR] auth - Authentification denied no token
[2023-04-10T12:11:28.016] [ERROR] auth - Authentification denied no token
[2023-04-10T12:11:28.017] [ERROR] auth - Authentification denied no token
[2023-04-10T12:11:48.503] [ERROR] auth - Authentification denied no token
[2023-04-10T12:11:48.505] [ERROR] auth - Authentification denied no token
[2023-04-10T12:11:48.507] [ERROR] auth - Authentification denied no token
[2023-04-10T12:14:21.617] [ERROR] auth - Authentification denied no token
[2023-04-10T12:14:21.621] [ERROR] auth - Authentification denied no token
[2023-04-10T12:14:21.622] [ERROR] auth - Authentification denied no token
[2023-04-10T12:14:35.987] [ERROR] auth - Authentification denied no token
[2023-04-10T12:14:35.995] [ERROR] auth - Authentification denied no token
[2023-04-10T12:14:35.998] [ERROR] auth - Authentification denied no token
[2023-04-10T12:14:36.537] [ERROR] auth - Authentification denied no token
[2023-04-10T12:14:36.541] [ERROR] auth - Authentification denied no token
[2023-04-10T12:14:36.544] [ERROR] auth - Authentification denied no token
[2023-04-10T12:15:47.876] [ERROR] auth - Authentification denied no token
[2023-04-10T12:15:47.882] [ERROR] auth - Authentification denied no token
[2023-04-10T12:15:47.885] [ERROR] auth - Authentification denied no token
[2023-04-10T12:15:47.968] [ERROR] auth - Authentification denied no token
[2023-04-10T12:15:47.970] [ERROR] auth - Authentification denied no token
[2023-04-10T12:15:47.973] [ERROR] auth - Authentification denied no token
[2023-04-10T12:16:15.031] [ERROR] auth - Authentification denied no token
[2023-04-10T12:16:15.036] [ERROR] auth - Authentification denied no token
[2023-04-10T12:16:15.045] [ERROR] auth - Authentification denied no token
[2023-04-10T12:17:37.426] [ERROR] auth - Authentification denied no token
[2023-04-10T12:17:37.431] [ERROR] auth - Authentification denied no token
[2023-04-10T12:17:37.435] [ERROR] auth - Authentification denied no token
[2023-04-10T12:17:37.586] [ERROR] auth - Authentification denied no token
[2023-04-10T12:17:37.590] [ERROR] auth - Authentification denied no token
[2023-04-10T12:17:37.619] [ERROR] auth - Authentification denied no token
[2023-04-10T12:17:47.186] [ERROR] auth - Authentification denied no token
[2023-04-10T12:17:47.192] [ERROR] auth - Authentification denied no token
[2023-04-10T12:17:47.195] [ERROR] auth - Authentification denied no token
[2023-04-10T12:17:47.946] [ERROR] auth - Authentification denied no token
[2023-04-10T12:17:47.948] [ERROR] auth - Authentification denied no token
[2023-04-10T12:17:47.951] [ERROR] auth - Authentification denied no token
[2023-04-10T12:18:14.047] [ERROR] auth - Authentification denied no token
[2023-04-10T12:18:14.051] [ERROR] auth - Authentification denied no token
[2023-04-10T12:18:14.053] [ERROR] auth - Authentification denied no token
[2023-04-10T12:18:53.386] [ERROR] auth - Authentification denied no token
[2023-04-10T12:18:53.389] [ERROR] auth - Authentification denied no token
[2023-04-10T12:18:53.396] [ERROR] auth - Authentification denied no token
[2023-04-10T12:19:10.410] [ERROR] auth - Authentification denied no token
[2023-04-10T12:19:10.418] [ERROR] auth - Authentification denied no token
[2023-04-10T12:19:10.420] [ERROR] auth - Authentification denied no token
[2023-04-10T12:19:16.680] [ERROR] auth - Authentification denied no token
[2023-04-10T12:19:16.685] [ERROR] auth - Authentification denied no token
[2023-04-10T12:19:16.689] [ERROR] auth - Authentification denied no token
[2023-04-10T12:22:24.957] [ERROR] auth - Authentification denied no token
[2023-04-10T12:22:24.961] [ERROR] auth - Authentification denied no token
[2023-04-10T12:22:24.966] [ERROR] auth - Authentification denied no token
[2023-04-10T12:22:25.110] [ERROR] auth - Authentification denied no token
[2023-04-10T12:22:25.113] [ERROR] auth - Authentification denied no token
[2023-04-10T12:22:25.115] [ERROR] auth - Authentification denied no token
[2023-04-10T12:22:56.256] [ERROR] auth - Authentification denied no token
[2023-04-10T12:22:56.267] [ERROR] auth - Authentification denied no token
[2023-04-10T12:22:56.269] [ERROR] auth - Authentification denied no token
[2023-04-10T12:22:56.784] [ERROR] auth - Authentification denied no token
[2023-04-10T12:22:56.786] [ERROR] auth - Authentification denied no token
[2023-04-10T12:22:56.789] [ERROR] auth - Authentification denied no token
[2023-04-10T12:23:47.977] [ERROR] auth - Authentification denied no token
[2023-04-10T12:23:47.986] [ERROR] auth - Authentification denied no token
[2023-04-10T12:23:47.989] [ERROR] auth - Authentification denied no token
[2023-04-10T12:23:49.059] [ERROR] auth - Authentification denied no token
[2023-04-10T12:23:49.063] [ERROR] auth - Authentification denied no token
[2023-04-10T12:23:49.066] [ERROR] auth - Authentification denied no token
[2023-04-10T12:24:04.219] [ERROR] auth - Authentification denied no token
[2023-04-10T12:24:04.224] [ERROR] auth - Authentification denied no token
[2023-04-10T12:24:04.225] [ERROR] auth - Authentification denied no token
[2023-04-10T12:24:21.152] [ERROR] auth - Authentification denied no token
[2023-04-10T12:24:21.156] [ERROR] auth - Authentification denied no token
[2023-04-10T12:24:21.159] [ERROR] auth - Authentification denied no token
[2023-04-10T12:24:36.872] [ERROR] auth - Authentification denied no token
[2023-04-10T12:24:36.876] [ERROR] auth - Authentification denied no token
[2023-04-10T12:24:36.929] [ERROR] auth - Authentification denied no token
[2023-04-10T12:24:58.133] [ERROR] auth - Authentification denied no token
[2023-04-10T12:24:58.139] [ERROR] auth - Authentification denied no token
[2023-04-10T12:24:58.146] [ERROR] auth - Authentification denied no token
[2023-04-10T12:24:59.180] [ERROR] auth - Authentification denied no token
[2023-04-10T12:24:59.184] [ERROR] auth - Authentification denied no token
[2023-04-10T12:24:59.187] [ERROR] auth - Authentification denied no token
[2023-04-10T12:25:38.029] [ERROR] auth - Authentification denied no token
[2023-04-10T12:25:38.034] [ERROR] auth - Authentification denied no token
[2023-04-10T12:25:38.038] [ERROR] auth - Authentification denied no token
[2023-04-10T12:25:38.060] [ERROR] auth - Authentification denied no token
[2023-04-10T12:25:38.063] [ERROR] auth - Authentification denied no token
[2023-04-10T12:25:38.067] [ERROR] auth - Authentification denied no token
[2023-04-10T12:25:51.600] [ERROR] auth - Authentification denied no token
[2023-04-10T12:25:51.603] [ERROR] auth - Authentification denied no token
[2023-04-10T12:25:51.609] [ERROR] auth - Authentification denied no token
[2023-04-10T12:37:23.527] [ERROR] auth - Authentification denied no token
[2023-04-10T12:37:23.530] [ERROR] auth - Authentification denied no token
[2023-04-10T12:37:23.532] [ERROR] auth - Authentification denied no token
[2023-04-10T12:38:37.582] [ERROR] auth - Authentification denied no token
[2023-04-10T12:38:37.590] [ERROR] auth - Authentification denied no token
[2023-04-10T12:38:37.593] [ERROR] auth - Authentification denied no token
[2023-04-10T12:38:37.717] [ERROR] auth - Authentification denied no token
[2023-04-10T12:38:37.719] [ERROR] auth - Authentification denied no token
[2023-04-10T12:38:37.722] [ERROR] auth - Authentification denied no token
[2023-04-10T12:38:43.752] [ERROR] auth - Authentification denied no token
[2023-04-10T12:38:43.756] [ERROR] auth - Authentification denied no token
[2023-04-10T12:38:43.758] [ERROR] auth - Authentification denied no token
[2023-04-10T12:38:43.929] [ERROR] auth - Authentification denied no token
[2023-04-10T12:38:43.932] [ERROR] auth - Authentification denied no token
[2023-04-10T12:38:43.934] [ERROR] auth - Authentification denied no token
[2023-04-10T12:39:05.031] [ERROR] auth - Authentification denied no token
[2023-04-10T12:39:05.041] [ERROR] auth - Authentification denied no token
[2023-04-10T12:39:05.044] [ERROR] auth - Authentification denied no token
[2023-04-10T12:39:57.912] [ERROR] auth - Authentification denied no token
[2023-04-10T12:39:57.921] [ERROR] auth - Authentification denied no token
[2023-04-10T12:39:57.927] [ERROR] auth - Authentification denied no token
[2023-04-10T12:39:58.930] [ERROR] auth - Authentification denied no token
[2023-04-10T12:39:58.934] [ERROR] auth - Authentification denied no token
[2023-04-10T12:39:58.936] [ERROR] auth - Authentification denied no token
[2023-04-10T12:39:59.066] [ERROR] auth - Authentification denied no token
[2023-04-10T12:39:59.068] [ERROR] auth - Authentification denied no token
[2023-04-10T12:39:59.072] [ERROR] auth - Authentification denied no token
[2023-04-10T12:40:31.864] [ERROR] auth - Authentification denied no token
[2023-04-10T12:40:31.876] [ERROR] auth - Authentification denied no token
[2023-04-10T12:40:31.881] [ERROR] auth - Authentification denied no token
[2023-04-10T12:40:34.059] [ERROR] auth - Authentification denied no token
[2023-04-10T12:40:34.061] [ERROR] auth - Authentification denied no token
[2023-04-10T12:40:34.063] [ERROR] auth - Authentification denied no token
[2023-04-10T12:40:35.137] [ERROR] auth - Authentification denied no token
[2023-04-10T12:40:35.140] [ERROR] auth - Authentification denied no token
[2023-04-10T12:40:35.142] [ERROR] auth - Authentification denied no token
[2023-04-10T12:40:36.144] [ERROR] auth - Authentification denied no token
[2023-04-10T12:40:36.145] [ERROR] auth - Authentification denied no token
[2023-04-10T12:40:36.147] [ERROR] auth - Authentification denied no token
[2023-04-10T12:40:39.038] [ERROR] auth - Authentification denied no token
[2023-04-10T12:40:39.039] [ERROR] auth - Authentification denied no token
[2023-04-10T12:40:39.042] [ERROR] auth - Authentification denied no token
[2023-04-10T12:41:24.915] [ERROR] auth - Authentification denied no token
[2023-04-10T12:41:24.924] [ERROR] auth - Authentification denied no token
[2023-04-10T12:41:24.928] [ERROR] auth - Authentification denied no token
[2023-04-10T12:41:26.089] [ERROR] auth - Authentification denied no token
[2023-04-10T12:41:26.092] [ERROR] auth - Authentification denied no token
[2023-04-10T12:41:26.097] [ERROR] auth - Authentification denied no token
[2023-04-10T12:41:26.913] [ERROR] auth - Authentification denied no token
[2023-04-10T12:41:26.915] [ERROR] auth - Authentification denied no token
[2023-04-10T12:41:26.917] [ERROR] auth - Authentification denied no token
[2023-04-10T12:41:40.937] [ERROR] auth - Authentification denied no token
[2023-04-10T12:41:40.941] [ERROR] auth - Authentification denied no token
[2023-04-10T12:41:40.944] [ERROR] auth - Authentification denied no token
[2023-04-10T12:41:41.131] [ERROR] auth - Authentification denied no token
[2023-04-10T12:41:41.132] [ERROR] auth - Authentification denied no token
[2023-04-10T12:41:41.136] [ERROR] auth - Authentification denied no token
[2023-04-10T12:41:42.936] [ERROR] auth - Authentification denied no token
[2023-04-10T12:41:42.938] [ERROR] auth - Authentification denied no token
[2023-04-10T12:41:42.940] [ERROR] auth - Authentification denied no token
[2023-04-10T12:42:00.200] [ERROR] auth - Authentification denied no token
[2023-04-10T12:42:00.203] [ERROR] auth - Authentification denied no token
[2023-04-10T12:42:00.204] [ERROR] auth - Authentification denied no token
[2023-04-10T12:42:05.632] [ERROR] auth - Authentification denied no token
[2023-04-10T12:42:05.635] [ERROR] auth - Authentification denied no token
[2023-04-10T12:42:05.639] [ERROR] auth - Authentification denied no token
[2023-04-10T12:42:12.966] [ERROR] auth - Authentification denied no token
[2023-04-10T12:42:12.973] [ERROR] auth - Authentification denied no token
[2023-04-10T12:42:12.976] [ERROR] auth - Authentification denied no token
[2023-04-10T12:42:22.950] [ERROR] auth - Authentification denied no token
[2023-04-10T12:42:22.956] [ERROR] auth - Authentification denied no token
[2023-04-10T12:42:22.960] [ERROR] auth - Authentification denied no token
[2023-04-10T12:42:23.006] [ERROR] auth - Authentification denied no token
[2023-04-10T12:42:23.010] [ERROR] auth - Authentification denied no token
[2023-04-10T12:42:23.013] [ERROR] auth - Authentification denied no token
[2023-04-10T12:42:23.154] [ERROR] auth - Authentification denied no token
[2023-04-10T12:42:23.156] [ERROR] auth - Authentification denied no token
[2023-04-10T12:42:23.157] [ERROR] auth - Authentification denied no token
[2023-04-10T12:42:25.754] [ERROR] auth - Authentification denied no token
[2023-04-10T12:42:25.754] [ERROR] auth - Authentification denied no token
[2023-04-10T12:42:25.756] [ERROR] auth - Authentification denied no token
[2023-04-10T12:42:37.323] [ERROR] auth - Authentification denied no token
[2023-04-10T12:42:37.327] [ERROR] auth - Authentification denied no token
[2023-04-10T12:42:37.331] [ERROR] auth - Authentification denied no token
[2023-04-10T12:42:37.352] [ERROR] auth - Authentification denied no token
[2023-04-10T12:42:37.356] [ERROR] auth - Authentification denied no token
[2023-04-10T12:42:37.359] [ERROR] auth - Authentification denied no token
[2023-04-10T12:42:37.485] [ERROR] auth - Authentification denied no token
[2023-04-10T12:42:37.487] [ERROR] auth - Authentification denied no token
[2023-04-10T12:42:37.488] [ERROR] auth - Authentification denied no token
[2023-04-10T12:42:40.474] [ERROR] auth - Authentification denied no token
[2023-04-10T12:42:40.475] [ERROR] auth - Authentification denied no token
[2023-04-10T12:42:40.478] [ERROR] auth - Authentification denied no token
[2023-04-10T12:42:44.004] [ERROR] auth - Authentification denied no token
[2023-04-10T12:42:44.007] [ERROR] auth - Authentification denied no token
[2023-04-10T12:42:44.008] [ERROR] auth - Authentification denied no token
[2023-04-10T12:50:56.655] [ERROR] auth - Authentification denied no token
[2023-04-10T12:50:56.657] [ERROR] auth - Authentification denied no token
[2023-04-10T12:50:56.660] [ERROR] auth - Authentification denied no token
[2023-04-10T12:50:56.688] [ERROR] auth - Authentification denied no token
[2023-04-10T12:50:56.689] [ERROR] auth - Authentification denied no token
[2023-04-10T12:50:56.690] [ERROR] auth - Authentification denied no token
[2023-04-10T12:50:56.761] [ERROR] auth - Authentification denied no token
[2023-04-10T12:50:56.763] [ERROR] auth - Authentification denied no token
[2023-04-10T12:50:56.763] [ERROR] auth - Authentification denied no token
[2023-04-10T13:02:52.089] [ERROR] auth - Authentification denied no token
[2023-04-10T13:02:52.109] [ERROR] auth - Authentification denied no token
[2023-04-10T13:02:52.112] [ERROR] auth - Authentification denied no token
[2023-04-10T13:02:52.302] [ERROR] auth - Authentification denied no token
[2023-04-10T13:02:52.303] [ERROR] auth - Authentification denied no token
[2023-04-10T13:02:52.305] [ERROR] auth - Authentification denied no token
[2023-04-10T13:02:52.571] [ERROR] auth - Authentification denied no token
[2023-04-10T13:02:52.573] [ERROR] auth - Authentification denied no token
[2023-04-10T13:02:52.575] [ERROR] auth - Authentification denied no token
[2023-04-10T13:12:01.788] [ERROR] auth - Authentification denied no token
[2023-04-10T13:12:01.792] [ERROR] auth - Authentification denied no token
[2023-04-10T13:12:01.793] [ERROR] auth - Authentification denied no token
[2023-04-10T13:16:27.331] [ERROR] auth - Authentification denied no token
[2023-04-10T13:16:27.334] [ERROR] auth - Authentification denied no token
[2023-04-10T13:16:27.336] [ERROR] auth - Authentification denied no token
[2023-04-10T13:27:47.936] [ERROR] auth - Authentification denied no token
[2023-04-10T13:27:47.943] [ERROR] auth - Authentification denied no token
[2023-04-10T13:27:47.946] [ERROR] auth - Authentification denied no token
[2023-04-10T14:24:12.301] [ERROR] auth - Authentification denied no token
[2023-04-10T14:24:12.306] [ERROR] auth - Authentification denied no token
[2023-04-10T14:24:12.309] [ERROR] auth - Authentification denied no token
[2023-04-10T14:24:12.386] [ERROR] auth - Authentification denied no token
[2023-04-10T14:24:12.392] [ERROR] auth - Authentification denied no token
[2023-04-10T14:24:12.394] [ERROR] auth - Authentification denied no token
[2023-04-10T14:24:12.460] [ERROR] auth - Authentification denied no token
[2023-04-10T14:24:12.462] [ERROR] auth - Authentification denied no token
[2023-04-10T14:24:12.463] [ERROR] auth - Authentification denied no token
[2023-04-10T14:52:42.365] [ERROR] auth - Authentification denied no token
[2023-04-10T14:52:42.378] [ERROR] auth - Authentification denied no token
[2023-04-10T14:52:42.409] [ERROR] auth - Authentification denied no token
[2023-04-10T14:52:44.108] [ERROR] auth - Authentification denied no token
[2023-04-10T14:52:44.111] [ERROR] auth - Authentification denied no token
[2023-04-10T14:52:44.116] [ERROR] auth - Authentification denied no token
[2023-04-10T14:52:44.244] [ERROR] auth - Authentification denied no token
[2023-04-10T14:52:44.247] [ERROR] auth - Authentification denied no token
[2023-04-10T14:52:44.250] [ERROR] auth - Authentification denied no token
[2023-04-10T15:01:32.022] [ERROR] auth - Authentification denied no token
[2023-04-10T15:01:32.026] [ERROR] auth - Authentification denied no token
[2023-04-10T15:01:32.029] [ERROR] auth - Authentification denied no token
[2023-04-10T15:01:43.211] [ERROR] auth - Authentification denied no token
[2023-04-10T15:01:43.213] [ERROR] auth - Authentification denied no token
[2023-04-10T15:01:43.216] [ERROR] auth - Authentification denied no token
[2023-04-10T15:13:07.025] [ERROR] auth - Authentification denied no token
[2023-04-10T15:13:07.035] [ERROR] auth - Authentification denied no token
[2023-04-10T15:13:07.038] [ERROR] auth - Authentification denied no token
[2023-04-10T15:13:07.059] [ERROR] auth - Authentification denied no token
[2023-04-10T15:13:07.061] [ERROR] auth - Authentification denied no token
[2023-04-10T15:13:07.064] [ERROR] auth - Authentification denied no token
[2023-04-10T15:13:07.073] [ERROR] auth - Authentification denied no token
[2023-04-10T15:13:07.081] [ERROR] auth - Authentification denied no token
[2023-04-10T15:13:07.092] [ERROR] auth - Authentification denied no token
[2023-04-10T15:13:08.627] [ERROR] auth - Authentification denied no token
[2023-04-10T15:13:08.628] [ERROR] auth - Authentification denied no token
[2023-04-10T15:13:08.630] [ERROR] auth - Authentification denied no token
[2023-04-10T15:13:56.921] [ERROR] auth - Authentification denied no token
[2023-04-10T15:13:56.926] [ERROR] auth - Authentification denied no token
[2023-04-10T15:13:56.930] [ERROR] auth - Authentification denied no token
[2023-04-10T15:13:56.942] [ERROR] auth - Authentification denied no token
[2023-04-10T15:13:56.945] [ERROR] auth - Authentification denied no token
[2023-04-10T15:13:56.948] [ERROR] auth - Authentification denied no token
[2023-04-10T15:13:58.027] [ERROR] auth - Authentification denied no token
[2023-04-10T15:13:58.029] [ERROR] auth - Authentification denied no token
[2023-04-10T15:13:58.031] [ERROR] auth - Authentification denied no token
[2023-04-10T15:13:58.544] [ERROR] auth - Authentification denied no token
[2023-04-10T15:13:58.546] [ERROR] auth - Authentification denied no token
[2023-04-10T15:13:58.547] [ERROR] auth - Authentification denied no token
[2023-04-10T15:14:11.423] [ERROR] auth - Authentification denied no token
[2023-04-10T15:14:11.430] [ERROR] auth - Authentification denied no token
[2023-04-10T15:14:11.433] [ERROR] auth - Authentification denied no token
[2023-04-10T15:14:11.537] [ERROR] auth - Authentification denied no token
[2023-04-10T15:14:11.540] [ERROR] auth - Authentification denied no token
[2023-04-10T15:14:11.542] [ERROR] auth - Authentification denied no token
[2023-04-10T15:14:11.766] [ERROR] auth - Authentification denied no token
[2023-04-10T15:14:11.768] [ERROR] auth - Authentification denied no token
[2023-04-10T15:14:11.771] [ERROR] auth - Authentification denied no token
[2023-04-10T15:14:13.111] [ERROR] auth - Authentification denied no token
[2023-04-10T15:14:13.112] [ERROR] auth - Authentification denied no token
[2023-04-10T15:14:13.114] [ERROR] auth - Authentification denied no token
[2023-04-10T15:15:30.556] [ERROR] auth - Authentification denied no token
[2023-04-10T15:15:30.565] [ERROR] auth - Authentification denied no token
[2023-04-10T15:15:30.567] [ERROR] auth - Authentification denied no token
[2023-04-10T15:15:30.912] [ERROR] auth - Authentification denied no token
[2023-04-10T15:15:30.914] [ERROR] auth - Authentification denied no token
[2023-04-10T15:15:30.917] [ERROR] auth - Authentification denied no token
[2023-04-10T15:15:30.921] [ERROR] auth - Authentification denied no token
[2023-04-10T15:15:30.924] [ERROR] auth - Authentification denied no token
[2023-04-10T15:15:30.925] [ERROR] auth - Authentification denied no token
[2023-04-10T15:15:33.192] [ERROR] auth - Authentification denied no token
[2023-04-10T15:15:33.194] [ERROR] auth - Authentification denied no token
[2023-04-10T15:15:33.196] [ERROR] auth - Authentification denied no token
