[2023-04-01T13:58:20.078] [ERROR] auth - Authentification denied no token
[2023-04-01T13:58:20.090] [ERROR] auth - Authentification denied no token
[2023-04-01T13:58:20.091] [ERROR] auth - Authentification denied no token
[2023-04-01T14:36:48.819] [ERROR] auth - Authentification denied no token
[2023-04-01T14:36:48.861] [ERROR] auth - Authentification denied no token
[2023-04-01T14:36:48.867] [ERROR] auth - Authentification denied no token
[2023-04-01T14:55:33.086] [ERROR] auth - Authentification denied no token
[2023-04-01T14:55:33.087] [ERROR] auth - Authentification denied no token
[2023-04-01T15:02:22.384] [ERROR] auth - Authentification denied no token
[2023-04-01T15:04:33.238] [ERROR] auth - Authentification denied no token
[2023-04-01T15:04:33.314] [ERROR] auth - Authentification denied no token
[2023-04-01T15:04:33.318] [ERROR] auth - Authentification denied no token
[2023-04-01T15:26:37.792] [ERROR] auth - Authentification denied no token
[2023-04-01T15:48:06.414] [ERROR] auth - Authentification denied no token
[2023-04-01T15:48:06.470] [ERROR] auth - Authentification denied no token
[2023-04-01T15:48:06.476] [ERROR] auth - Authentification denied no token
[2023-04-02T13:43:59.737] [ERROR] auth - Authentification denied no token
[2023-04-02T13:43:59.747] [ERROR] auth - Authentification denied no token
[2023-04-02T13:43:59.769] [ERROR] auth - Authentification denied no token
[2023-04-02T13:43:59.771] [ERROR] auth - Authentification denied no token
[2023-04-02T13:49:12.641] [ERROR] items - POST /api/item/paginationError: 
Invalid `prisma.item.count()` invocation:

{
  select: {
    _count: {
      select: {
        _all: true
      }
    }
  },
  where: {
    OR: {
      OR: [
        {
          item_brand: {
            some: {
              id_Brand: {
                in: []
              }
            }
          }
        },
        {
          item_category: {
            some: {
              OR: [
                {
                  id_Category: {
                    in: [
                      null
                    ]
                    ~~~~~~
                  }
                },
                {
                  category: {
                    OR: [
                    ~~
                      {
                        category_category_categoryTocategory_category_id_Child: {
                          some: {
                            category_categoryTocategory_category_id_Parent: {
                              category_category_categoryTocategory_category_id_Child: {
                                some: {
                                  id_Parent: {
                                    in: [
                                      null
                                    ]
                                  }
                                }
                              }
                            }
                          }
                        }
                      },
                      {
                        category_category_categoryTocategory_category_id_Child: {
                          some: {
                            id_Parent: {
                              in: [
                                null
                              ]
                            }
                          }
                        }
                      },
                      {
                        category_category_categoryTocategory_category_id_Child: {
                          some: {
                            category_categoryTocategory_category_id_Parent: {
                              category_category_categoryTocategory_category_id_Child: {
                                some: {
                                  category_categoryTocategory_category_id_Parent: {
                                    category_category_categoryTocategory_category_id_Child: {
                                      some: {
                                        id_Parent: {
                                          in: [
                                            null
                                          ]
                                        }
                                      }
                                    }
                                  }
                                }
                              }
                            }
                          }
                        }
                      },
                      {
                        category_category_categoryTocategory_category_id_Child: {
                          some: {
                            category_categoryTocategory_category_id_Parent: {
                              category_category_categoryTocategory_category_id_Child: {
                                some: {
                                  category_categoryTocategory_category_id_Parent: {
                                    category_category_categoryTocategory_category_id_Child: {
                                      some: {
                                        category_categoryTocategory_category_id_Parent: {
                                          category_category_categoryTocategory_category_id_Child: {
                                            some: {
                                              id_Parent: {
                                                in: [
                                                  null
                                                ]
                                              }
                                            }
                                          }
                                        }
                                      }
                                    }
                                  }
                                }
                              }
                            }
                          }
                        }
                      }
                    ]
                  }
                }
              ]
            }
          }
        },
        {
          id_ItemCondition: {
            in: []
          }
        },
        {
          Size: {
            in: []
          }
        },
        {
          item_color: {
            some: {
              id_Color: {
                in: []
              }
            }
          }
        },
        undefined
      ]
    },
    transaction: {
      none: {}
    }
  }
}

Argument in: Got invalid value 
[
  null
]
on prisma.aggregateitem. Provided List<null>, expected List<Int>.
Unknown arg `OR` in where.OR.0.OR.1.item_category.some.OR.1.category.OR for type CategoryRelationFilter. Did you mean `is`? Available args:
type CategoryRelationFilter {
  is?: categoryWhereInput
  isNot?: categoryWhereInput
}


[2023-04-02T13:49:14.083] [ERROR] items - POST /api/item/paginationError: 
Invalid `prisma.item.count()` invocation:

{
  select: {
    _count: {
      select: {
        _all: true
      }
    }
  },
  where: {
    OR: {
      OR: [
        {
          item_brand: {
            some: {
              id_Brand: {
                in: []
              }
            }
          }
        },
        {
          item_category: {
            some: {
              OR: [
                {
                  id_Category: {
                    in: [
                      null
                    ]
                    ~~~~~~
                  }
                },
                {
                  category: {
                    OR: [
                    ~~
                      {
                        category_category_categoryTocategory_category_id_Child: {
                          some: {
                            category_categoryTocategory_category_id_Parent: {
                              category_category_categoryTocategory_category_id_Child: {
                                some: {
                                  id_Parent: {
                                    in: [
                                      null
                                    ]
                                  }
                                }
                              }
                            }
                          }
                        }
                      },
                      {
                        category_category_categoryTocategory_category_id_Child: {
                          some: {
                            id_Parent: {
                              in: [
                                null
                              ]
                            }
                          }
                        }
                      },
                      {
                        category_category_categoryTocategory_category_id_Child: {
                          some: {
                            category_categoryTocategory_category_id_Parent: {
                              category_category_categoryTocategory_category_id_Child: {
                                some: {
                                  category_categoryTocategory_category_id_Parent: {
                                    category_category_categoryTocategory_category_id_Child: {
                                      some: {
                                        id_Parent: {
                                          in: [
                                            null
                                          ]
                                        }
                                      }
                                    }
                                  }
                                }
                              }
                            }
                          }
                        }
                      },
                      {
                        category_category_categoryTocategory_category_id_Child: {
                          some: {
                            category_categoryTocategory_category_id_Parent: {
                              category_category_categoryTocategory_category_id_Child: {
                                some: {
                                  category_categoryTocategory_category_id_Parent: {
                                    category_category_categoryTocategory_category_id_Child: {
                                      some: {
                                        category_categoryTocategory_category_id_Parent: {
                                          category_category_categoryTocategory_category_id_Child: {
                                            some: {
                                              id_Parent: {
                                                in: [
                                                  null
                                                ]
                                              }
                                            }
                                          }
                                        }
                                      }
                                    }
                                  }
                                }
                              }
                            }
                          }
                        }
                      }
                    ]
                  }
                }
              ]
            }
          }
        },
        {
          id_ItemCondition: {
            in: []
          }
        },
        {
          Size: {
            in: []
          }
        },
        {
          item_color: {
            some: {
              id_Color: {
                in: []
              }
            }
          }
        },
        undefined
      ]
    },
    transaction: {
      none: {}
    }
  }
}

Argument in: Got invalid value 
[
  null
]
on prisma.aggregateitem. Provided List<null>, expected List<Int>.
Unknown arg `OR` in where.OR.0.OR.1.item_category.some.OR.1.category.OR for type CategoryRelationFilter. Did you mean `is`? Available args:
type CategoryRelationFilter {
  is?: categoryWhereInput
  isNot?: categoryWhereInput
}


[2023-04-02T13:49:15.319] [ERROR] items - POST /api/item/paginationError: 
Invalid `prisma.item.count()` invocation:

{
  select: {
    _count: {
      select: {
        _all: true
      }
    }
  },
  where: {
    OR: {
      OR: [
        {
          item_brand: {
            some: {
              id_Brand: {
                in: []
              }
            }
          }
        },
        {
          item_category: {
            some: {
              OR: [
                {
                  id_Category: {
                    in: [
                      null
                    ]
                    ~~~~~~
                  }
                },
                {
                  category: {
                    OR: [
                    ~~
                      {
                        category_category_categoryTocategory_category_id_Child: {
                          some: {
                            category_categoryTocategory_category_id_Parent: {
                              category_category_categoryTocategory_category_id_Child: {
                                some: {
                                  id_Parent: {
                                    in: [
                                      null
                                    ]
                                  }
                                }
                              }
                            }
                          }
                        }
                      },
                      {
                        category_category_categoryTocategory_category_id_Child: {
                          some: {
                            id_Parent: {
                              in: [
                                null
                              ]
                            }
                          }
                        }
                      },
                      {
                        category_category_categoryTocategory_category_id_Child: {
                          some: {
                            category_categoryTocategory_category_id_Parent: {
                              category_category_categoryTocategory_category_id_Child: {
                                some: {
                                  category_categoryTocategory_category_id_Parent: {
                                    category_category_categoryTocategory_category_id_Child: {
                                      some: {
                                        id_Parent: {
                                          in: [
                                            null
                                          ]
                                        }
                                      }
                                    }
                                  }
                                }
                              }
                            }
                          }
                        }
                      },
                      {
                        category_category_categoryTocategory_category_id_Child: {
                          some: {
                            category_categoryTocategory_category_id_Parent: {
                              category_category_categoryTocategory_category_id_Child: {
                                some: {
                                  category_categoryTocategory_category_id_Parent: {
                                    category_category_categoryTocategory_category_id_Child: {
                                      some: {
                                        category_categoryTocategory_category_id_Parent: {
                                          category_category_categoryTocategory_category_id_Child: {
                                            some: {
                                              id_Parent: {
                                                in: [
                                                  null
                                                ]
                                              }
                                            }
                                          }
                                        }
                                      }
                                    }
                                  }
                                }
                              }
                            }
                          }
                        }
                      }
                    ]
                  }
                }
              ]
            }
          }
        },
        {
          id_ItemCondition: {
            in: []
          }
        },
        {
          Size: {
            in: []
          }
        },
        {
          item_color: {
            some: {
              id_Color: {
                in: []
              }
            }
          }
        },
        undefined
      ]
    },
    transaction: {
      none: {}
    }
  }
}

Argument in: Got invalid value 
[
  null
]
on prisma.aggregateitem. Provided List<null>, expected List<Int>.
Unknown arg `OR` in where.OR.0.OR.1.item_category.some.OR.1.category.OR for type CategoryRelationFilter. Did you mean `is`? Available args:
type CategoryRelationFilter {
  is?: categoryWhereInput
  isNot?: categoryWhereInput
}


[2023-04-02T15:51:07.008] [ERROR] auth - Authentification denied token invalide
[2023-04-02T15:51:07.042] [ERROR] auth - Authentification denied token invalide
[2023-04-02T15:51:07.077] [ERROR] auth - Authentification denied token invalide
[2023-04-02T15:51:07.341] [ERROR] auth - Authentification denied token invalide
[2023-04-02T15:51:07.342] [ERROR] auth - Authentification denied token invalide
[2023-04-02T18:27:05.201] [ERROR] user - PrismaClientKnownRequestError: 
Invalid `account.create()` invocation in
C:\Users\Stefa\Desktop\Frips2\Frips\frips-serveur\routes\user.js:115:37

  112     res.status(400).json({ msg: "Ce mail est déjà utilisé" });
  113   }
  114 } else {
→ 115   const newUser = await account.create(
  Unique constraint failed on the constraint: `Email`
    at RequestHandler.request (C:\Users\Stefa\Desktop\Frips2\Frips\frips-serveur\node_modules\@prisma\client\runtime\index.js:49022:15)
    at async PrismaClient._request (C:\Users\Stefa\Desktop\Frips2\Frips\frips-serveur\node_modules\@prisma\client\runtime\index.js:49919:18)
    at async C:\Users\Stefa\Desktop\Frips2\Frips\frips-serveur\routes\user.js:115:23 {
  code: 'P2002',
  clientVersion: '3.15.2',
  meta: { target: 'Email' }
}
[2023-04-02T19:38:03.416] [ERROR] auth - Authentification denied no token
[2023-04-02T19:38:03.420] [ERROR] auth - Authentification denied no token
[2023-04-02T19:38:03.656] [ERROR] auth - Authentification denied no token
[2023-04-02T19:38:03.657] [ERROR] auth - Authentification denied no token
[2023-04-02T19:40:43.563] [ERROR] auth - Authentification denied no token
[2023-04-02T19:40:43.628] [ERROR] auth - Authentification denied no token
[2023-04-02T19:40:43.630] [ERROR] auth - Authentification denied no token
[2023-04-02T19:49:54.474] [ERROR] auth - Authentification denied no token
[2023-04-02T19:49:54.479] [ERROR] auth - Authentification denied no token
[2023-04-02T19:49:54.526] [ERROR] auth - Authentification denied no token
[2023-04-02T19:49:54.527] [ERROR] auth - Authentification denied no token
[2023-04-02T19:50:04.519] [ERROR] auth - Authentification denied no token
[2023-04-02T19:54:17.963] [ERROR] auth - Authentification denied no token
[2023-04-02T19:54:17.965] [ERROR] auth - Authentification denied no token
[2023-04-02T19:54:18.343] [ERROR] auth - Authentification denied no token
[2023-04-02T19:54:18.343] [ERROR] auth - Authentification denied no token
[2023-04-02T19:54:19.764] [ERROR] auth - Authentification denied no token
[2023-04-02T19:55:02.635] [ERROR] auth - Authentification denied no token
[2023-04-02T19:55:02.660] [ERROR] auth - Authentification denied no token
[2023-04-02T19:55:02.661] [ERROR] auth - Authentification denied no token
[2023-04-02T19:55:39.528] [ERROR] auth - Authentification denied no token
[2023-04-02T19:55:39.556] [ERROR] auth - Authentification denied no token
[2023-04-02T19:55:39.558] [ERROR] auth - Authentification denied no token
[2023-04-02T19:55:59.431] [ERROR] auth - Authentification denied no token
[2023-04-02T19:55:59.436] [ERROR] auth - Authentification denied no token
[2023-04-02T19:55:59.479] [ERROR] auth - Authentification denied no token
[2023-04-02T19:55:59.480] [ERROR] auth - Authentification denied no token
[2023-04-02T19:56:02.411] [ERROR] auth - Authentification denied no token
[2023-04-02T19:58:56.895] [ERROR] auth - Authentification denied no token
[2023-04-02T19:58:56.901] [ERROR] auth - Authentification denied no token
[2023-04-02T19:58:56.923] [ERROR] auth - Authentification denied no token
[2023-04-02T19:58:56.924] [ERROR] auth - Authentification denied no token
[2023-04-02T19:58:58.220] [ERROR] auth - Authentification denied no token
[2023-04-02T20:30:13.688] [ERROR] auth - Authentification denied no token
[2023-04-02T20:30:13.693] [ERROR] auth - Authentification denied no token
[2023-04-02T20:30:13.734] [ERROR] auth - Authentification denied no token
[2023-04-02T20:30:13.735] [ERROR] auth - Authentification denied no token
[2023-04-02T22:20:16.555] [ERROR] auth - Authentification denied no token
[2023-04-02T22:20:18.521] [ERROR] auth - Authentification denied no token
[2023-04-02T22:20:22.040] [ERROR] auth - Authentification denied no token
[2023-04-02T22:20:22.041] [ERROR] auth - Authentification denied no token
[2023-04-02T22:20:22.330] [ERROR] auth - Authentification denied no token
[2023-04-02T22:20:22.332] [ERROR] auth - Authentification denied no token
[2023-04-02T22:22:55.875] [ERROR] auth - Authentification denied no token
[2023-04-02T22:23:19.131] [ERROR] auth - Authentification denied no token
[2023-04-02T22:23:19.160] [ERROR] auth - Authentification denied no token
[2023-04-02T22:23:19.162] [ERROR] auth - Authentification denied no token
[2023-04-02T22:23:19.294] [ERROR] auth - Authentification denied no token
[2023-04-02T22:23:19.308] [ERROR] auth - Authentification denied no token
[2023-04-02T22:23:19.310] [ERROR] auth - Authentification denied no token
[2023-04-02T22:23:43.431] [ERROR] auth - Authentification denied no token
[2023-04-02T22:23:43.459] [ERROR] auth - Authentification denied no token
[2023-04-02T22:23:43.462] [ERROR] auth - Authentification denied no token
[2023-04-02T22:23:52.294] [ERROR] auth - Authentification denied no token
[2023-04-02T22:23:52.320] [ERROR] auth - Authentification denied no token
[2023-04-02T22:23:52.323] [ERROR] auth - Authentification denied no token
[2023-04-02T22:37:44.163] [ERROR] auth - Authentification denied no token
[2023-04-02T22:37:44.167] [ERROR] auth - Authentification denied no token
[2023-04-02T22:37:44.193] [ERROR] auth - Authentification denied no token
[2023-04-02T22:37:44.193] [ERROR] auth - Authentification denied no token
[2023-04-02T22:37:45.469] [ERROR] auth - Authentification denied no token
[2023-04-02T22:41:43.125] [ERROR] auth - Authentification denied no token
[2023-04-02T22:41:43.129] [ERROR] auth - Authentification denied no token
[2023-04-02T22:42:06.067] [ERROR] auth - Authentification denied no token
[2023-04-02T22:42:07.250] [ERROR] auth - Authentification denied no token
[2023-04-02T22:43:53.481] [ERROR] auth - Authentification denied no token
[2023-04-02T22:43:53.484] [ERROR] auth - Authentification denied no token
[2023-04-02T22:45:51.213] [ERROR] auth - Authentification denied no token
[2023-04-02T22:45:51.216] [ERROR] auth - Authentification denied no token
[2023-04-02T22:47:48.922] [ERROR] auth - Authentification denied no token
[2023-04-02T22:47:48.926] [ERROR] auth - Authentification denied no token
[2023-04-02T22:48:48.086] [ERROR] auth - Authentification denied no token
[2023-04-02T22:48:48.090] [ERROR] auth - Authentification denied no token
[2023-04-02T22:52:20.086] [ERROR] auth - Authentification denied no token
[2023-04-02T22:52:20.093] [ERROR] auth - Authentification denied no token
[2023-04-02T22:52:20.167] [ERROR] auth - Authentification denied no token
[2023-04-02T22:52:20.173] [ERROR] auth - Authentification denied no token
[2023-04-02T22:52:21.136] [ERROR] auth - Authentification denied no token
[2023-04-02T22:52:46.308] [ERROR] auth - Authentification denied no token
[2023-04-02T22:52:46.311] [ERROR] auth - Authentification denied no token
[2023-04-02T22:52:46.331] [ERROR] auth - Authentification denied no token
[2023-04-02T22:52:46.335] [ERROR] auth - Authentification denied no token
[2023-04-02T22:52:52.081] [ERROR] auth - Authentification denied no token
[2023-04-02T22:52:53.177] [ERROR] auth - Authentification denied no token
[2023-04-02T23:09:44.331] [ERROR] auth - Authentification denied no token
[2023-04-02T23:36:29.947] [ERROR] auth - Authentification denied no token
[2023-04-02T23:36:30.053] [ERROR] auth - Authentification denied no token
[2023-04-02T23:36:30.055] [ERROR] auth - Authentification denied no token
[2023-04-02T23:38:37.941] [ERROR] auth - Authentification denied no token
[2023-04-02T23:38:38.115] [ERROR] auth - Authentification denied no token
[2023-04-02T23:38:38.379] [ERROR] auth - Authentification denied no token
[2023-04-02T23:38:38.380] [ERROR] auth - Authentification denied no token
[2023-04-02T23:59:27.437] [ERROR] auth - Authentification denied no token
[2023-04-02T23:59:27.490] [ERROR] auth - Authentification denied no token
[2023-04-02T23:59:27.495] [ERROR] auth - Authentification denied no token
[2023-04-03T00:00:01.055] [ERROR] auth - Authentification denied no token
[2023-04-03T00:18:48.451] [ERROR] auth - Authentification denied no token
[2023-04-03T00:18:48.540] [ERROR] auth - Authentification denied no token
[2023-04-03T00:18:48.544] [ERROR] auth - Authentification denied no token
[2023-04-03T00:18:59.854] [ERROR] auth - Authentification denied no token
[2023-04-03T00:18:59.918] [ERROR] auth - Authentification denied no token
[2023-04-03T00:18:59.919] [ERROR] auth - Authentification denied no token
[2023-04-03T00:20:33.088] [ERROR] auth - Authentification denied no token
[2023-04-03T00:20:33.128] [ERROR] auth - Authentification denied no token
[2023-04-03T00:20:33.129] [ERROR] auth - Authentification denied no token
[2023-04-03T00:20:54.252] [ERROR] auth - Authentification denied no token
[2023-04-03T00:20:54.278] [ERROR] auth - Authentification denied no token
[2023-04-03T00:20:54.286] [ERROR] auth - Authentification denied no token
[2023-04-03T00:21:17.532] [ERROR] auth - Authentification denied no token
[2023-04-03T00:21:17.740] [ERROR] auth - Authentification denied no token
[2023-04-03T00:21:17.742] [ERROR] auth - Authentification denied no token
[2023-04-03T00:21:24.422] [ERROR] auth - Authentification denied no token
[2023-04-03T00:21:24.507] [ERROR] auth - Authentification denied no token
[2023-04-03T00:21:24.508] [ERROR] auth - Authentification denied no token
[2023-04-03T00:21:34.153] [ERROR] auth - Authentification denied no token
[2023-04-03T00:25:14.464] [ERROR] auth - Authentification denied no token
[2023-04-03T00:25:14.599] [ERROR] auth - Authentification denied no token
[2023-04-03T00:25:14.603] [ERROR] auth - Authentification denied no token
[2023-04-03T00:25:35.719] [ERROR] auth - Authentification denied no token
[2023-04-03T00:25:35.998] [ERROR] auth - Authentification denied no token
[2023-04-03T00:25:36.001] [ERROR] auth - Authentification denied no token
[2023-04-03T00:25:54.222] [ERROR] auth - Authentification denied no token
[2023-04-03T00:25:54.253] [ERROR] auth - Authentification denied no token
[2023-04-03T00:25:54.254] [ERROR] auth - Authentification denied no token
[2023-04-03T00:26:04.473] [ERROR] auth - Authentification denied no token
[2023-04-03T00:26:04.504] [ERROR] auth - Authentification denied no token
[2023-04-03T00:26:04.510] [ERROR] auth - Authentification denied no token
[2023-04-03T00:28:25.813] [ERROR] auth - Authentification denied no token
[2023-04-03T00:29:19.876] [ERROR] auth - Authentification denied no token
[2023-04-03T00:29:19.926] [ERROR] auth - Authentification denied no token
[2023-04-03T00:29:19.929] [ERROR] auth - Authentification denied no token
[2023-04-03T00:29:44.084] [ERROR] auth - Authentification denied no token
[2023-04-03T00:29:44.106] [ERROR] auth - Authentification denied no token
[2023-04-03T00:29:44.111] [ERROR] auth - Authentification denied no token
[2023-04-03T00:29:57.018] [ERROR] auth - Authentification denied no token
[2023-04-03T00:29:57.057] [ERROR] auth - Authentification denied no token
[2023-04-03T00:29:57.058] [ERROR] auth - Authentification denied no token
[2023-04-03T00:30:06.339] [ERROR] auth - Authentification denied no token
[2023-04-03T00:30:06.367] [ERROR] auth - Authentification denied no token
[2023-04-03T00:30:06.371] [ERROR] auth - Authentification denied no token
[2023-04-03T00:31:02.982] [ERROR] auth - Authentification denied no token
[2023-04-03T00:36:12.899] [ERROR] auth - Authentification denied no token
[2023-04-03T00:36:12.904] [ERROR] auth - Authentification denied no token
[2023-04-03T00:36:12.940] [ERROR] auth - Authentification denied no token
[2023-04-03T00:36:12.942] [ERROR] auth - Authentification denied no token
[2023-04-03T00:40:15.018] [ERROR] auth - Authentification denied no token
[2023-04-03T00:40:45.730] [ERROR] auth - Authentification denied no token
[2023-04-03T00:40:45.746] [ERROR] auth - Authentification denied no token
[2023-04-03T00:40:45.747] [ERROR] auth - Authentification denied no token
[2023-04-03T00:46:09.857] [ERROR] auth - Authentification denied no token
[2023-04-03T00:49:26.020] [ERROR] auth - Authentification denied no token
[2023-04-03T00:49:34.001] [ERROR] auth - Authentification denied no token
[2023-04-03T00:50:15.034] [ERROR] auth - Authentification denied no token
[2023-04-03T00:50:22.883] [ERROR] auth - Authentification denied no token
[2023-04-03T00:50:22.952] [ERROR] auth - Authentification denied no token
[2023-04-03T00:50:22.956] [ERROR] auth - Authentification denied no token
[2023-04-03T00:51:16.648] [ERROR] auth - Authentification denied no token
[2023-04-03T00:51:16.764] [ERROR] auth - Authentification denied no token
[2023-04-03T00:51:16.766] [ERROR] auth - Authentification denied no token
[2023-04-03T00:51:49.530] [ERROR] auth - Authentification denied no token
[2023-04-03T00:51:49.563] [ERROR] auth - Authentification denied no token
[2023-04-03T00:51:49.566] [ERROR] auth - Authentification denied no token
[2023-04-03T00:51:57.232] [ERROR] auth - Authentification denied no token
[2023-04-03T00:51:57.263] [ERROR] auth - Authentification denied no token
[2023-04-03T00:51:57.265] [ERROR] auth - Authentification denied no token
[2023-04-03T00:52:24.000] [ERROR] auth - Authentification denied no token
[2023-04-03T00:52:24.020] [ERROR] auth - Authentification denied no token
[2023-04-03T00:52:24.021] [ERROR] auth - Authentification denied no token
[2023-04-03T00:52:51.992] [ERROR] auth - Authentification denied no token
[2023-04-03T00:52:52.743] [ERROR] auth - Authentification denied no token
[2023-04-03T00:52:52.746] [ERROR] auth - Authentification denied no token
[2023-04-03T00:52:53.224] [ERROR] auth - Authentification denied no token
[2023-04-03T00:52:53.225] [ERROR] auth - Authentification denied no token
[2023-04-03T00:52:58.975] [ERROR] auth - Authentification denied no token
[2023-04-03T00:52:58.979] [ERROR] auth - Authentification denied no token
[2023-04-03T00:52:59.036] [ERROR] auth - Authentification denied no token
[2023-04-03T00:52:59.039] [ERROR] auth - Authentification denied no token
[2023-04-03T00:53:47.657] [ERROR] auth - Authentification denied no token
[2023-04-03T00:53:47.666] [ERROR] auth - Authentification denied no token
[2023-04-03T00:53:47.706] [ERROR] auth - Authentification denied no token
[2023-04-03T00:53:47.707] [ERROR] auth - Authentification denied no token
[2023-04-03T00:54:13.033] [ERROR] auth - Authentification denied no token
[2023-04-03T00:54:13.066] [ERROR] auth - Authentification denied no token
[2023-04-03T00:54:13.067] [ERROR] auth - Authentification denied no token
[2023-04-03T00:54:37.235] [ERROR] auth - Authentification denied no token
[2023-04-03T00:54:37.240] [ERROR] auth - Authentification denied no token
[2023-04-03T00:54:37.302] [ERROR] auth - Authentification denied no token
[2023-04-03T00:54:37.303] [ERROR] auth - Authentification denied no token
[2023-04-03T00:55:10.388] [ERROR] auth - Authentification denied no token
[2023-04-03T00:55:10.414] [ERROR] auth - Authentification denied no token
[2023-04-03T00:55:10.417] [ERROR] auth - Authentification denied no token
[2023-04-03T00:57:33.036] [ERROR] auth - Authentification denied no token
[2023-04-03T00:57:43.349] [ERROR] auth - Authentification denied no token
[2023-04-03T00:57:43.416] [ERROR] auth - Authentification denied no token
[2023-04-03T00:57:43.417] [ERROR] auth - Authentification denied no token
[2023-04-03T01:00:34.056] [ERROR] auth - Authentification denied no token
[2023-04-03T01:00:34.060] [ERROR] auth - Authentification denied no token
[2023-04-03T01:01:13.675] [ERROR] auth - Authentification denied no token
[2023-04-03T01:01:13.683] [ERROR] auth - Authentification denied no token
[2023-04-03T01:08:51.556] [ERROR] auth - POST /authError: Illegal arguments: string, undefined
[2023-04-03T01:08:57.376] [ERROR] auth - POST /authError: Illegal arguments: string, undefined
[2023-04-03T01:09:02.506] [ERROR] auth - POST /authError: Illegal arguments: string, undefined
[2023-04-03T01:12:15.056] [ERROR] auth - Authentification denied no token
[2023-04-03T01:12:15.063] [ERROR] auth - Authentification denied no token
[2023-04-03T01:12:15.101] [ERROR] auth - Authentification denied no token
[2023-04-03T01:12:15.102] [ERROR] auth - Authentification denied no token
[2023-04-03T01:14:08.309] [ERROR] auth - Authentification denied no token
[2023-04-03T01:14:08.528] [ERROR] auth - Authentification denied no token
[2023-04-03T01:14:08.529] [ERROR] auth - Authentification denied no token
[2023-04-03T01:14:15.153] [ERROR] auth - Authentification denied no token
[2023-04-03T01:14:15.256] [ERROR] auth - Authentification denied no token
[2023-04-03T01:14:15.260] [ERROR] auth - Authentification denied no token
